#
# There is insufficient memory for the Java Runtime Environment to continue.
# Native memory allocation (malloc) failed to allocate 32768 bytes for AllocateHeap
# Possible reasons:
#   The system is out of physical RAM or swap space
#   In 32 bit mode, the process size limit was hit
# Possible solutions:
#   Reduce memory load on the system
#   Increase physical memory or swap space
#   Check if swap backing store is full
#   Use 64 bit Java on a 64 bit OS
#   Decrease Java heap size (-Xmx/-Xms)
#   Decrease number of Java threads
#   Decrease Java thread stack sizes (-Xss)
#   Set larger code cache with -XX:ReservedCodeCacheSize=
# This output file may be truncated or incomplete.
#
#  Out of Memory Error (memory/allocation.inline.hpp:61), pid=8848, tid=6604
#
# JRE version:  (8.0_71-b15) (build )
# Java VM: Java HotSpot(TM) 64-Bit Server VM (25.71-b15 mixed mode windows-amd64 compressed oops)
# Failed to write core dump. Minidumps are not enabled by default on client versions of Windows
#

---------------  T H R E A D  ---------------

Current thread (0x000000000089d800):  JavaThread "Unknown thread" [_thread_in_vm, id=6604, stack(0x00000000020a0000,0x00000000021a0000)]

Stack: [0x00000000020a0000,0x00000000021a0000]
[error occurred during error reporting (printing stack bounds), id 0xc0000005]

Native frames: (J=compiled Java code, j=interpreted, Vv=VM code, C=native code)


---------------  P R O C E S S  ---------------

Java Threads: ( => current thread )

Other Threads:

=>0x000000000089d800 (exited) JavaThread "Unknown thread" [_thread_in_vm, id=6604, stack(0x00000000020a0000,0x00000000021a0000)]

VM state:not at safepoint (not fully initialized)

VM Mutex/Monitor currently owned by a thread:  ([mutex/lock_event])
[0x000000000089d620] SystemDictionary_lock - owner thread: 0x000000000089d800

GC Heap History (0 events):
No events

Deoptimization events (0 events):
No events

Internal exceptions (0 events):
No events

Events (0 events):
No events


Dynamic libraries:
0x00007ff675380000 - 0x00007ff6753b7000 	C:\Program Files\Java\jdk1.8.0_71\bin\java.exe
0x00007ffa5e640000 - 0x00007ffa5e801000 	C:\WINDOWS\SYSTEM32\ntdll.dll
0x00007ffa5bdd0000 - 0x00007ffa5be7d000 	C:\WINDOWS\system32\KERNEL32.DLL
0x00007ffa5ae20000 - 0x00007ffa5b008000 	C:\WINDOWS\system32\KERNELBASE.dll
0x00007ffa5c920000 - 0x00007ffa5c9c7000 	C:\WINDOWS\system32\ADVAPI32.dll
0x00007ffa5c2b0000 - 0x00007ffa5c34d000 	C:\WINDOWS\system32\msvcrt.dll
0x00007ffa5e5e0000 - 0x00007ffa5e63b000 	C:\WINDOWS\system32\sechost.dll
0x00007ffa5c9d0000 - 0x00007ffa5caec000 	C:\WINDOWS\system32\RPCRT4.dll
0x00007ffa5e480000 - 0x00007ffa5e5d6000 	C:\WINDOWS\system32\USER32.dll
0x00007ffa5ba40000 - 0x00007ffa5bbc6000 	C:\WINDOWS\system32\GDI32.dll
0x00007ffa54c40000 - 0x00007ffa54eb4000 	C:\WINDOWS\WinSxS\amd64_microsoft.windows.common-controls_6595b64144ccf1df_6.0.10586.0_none_8c15ae12515e1c22\COMCTL32.dll
0x00007ffa5c350000 - 0x00007ffa5c5cd000 	C:\WINDOWS\system32\combase.dll
0x00007ffa5adb0000 - 0x00007ffa5ae1a000 	C:\WINDOWS\system32\bcryptPrimitives.dll
0x00007ffa5c870000 - 0x00007ffa5c8ab000 	C:\WINDOWS\system32\IMM32.DLL
0x0000000061520000 - 0x00000000615f2000 	C:\Program Files\Java\jdk1.8.0_71\jre\bin\msvcr100.dll
0x0000000060c90000 - 0x000000006151f000 	C:\Program Files\Java\jdk1.8.0_71\jre\bin\server\jvm.dll
0x00007ffa5e3f0000 - 0x00007ffa5e3f8000 	C:\WINDOWS\system32\PSAPI.DLL
0x00007ffa57410000 - 0x00007ffa57419000 	C:\WINDOWS\SYSTEM32\WSOCK32.dll
0x00007ffa5c8b0000 - 0x00007ffa5c91b000 	C:\WINDOWS\system32\WS2_32.dll
0x00007ffa59190000 - 0x00007ffa591b3000 	C:\WINDOWS\SYSTEM32\WINMM.dll
0x00007ffa4fe80000 - 0x00007ffa4fe8a000 	C:\WINDOWS\SYSTEM32\VERSION.dll
0x00007ffa59160000 - 0x00007ffa5918c000 	C:\WINDOWS\SYSTEM32\WINMMBASE.dll
0x00007ffa5b0c0000 - 0x00007ffa5b103000 	C:\WINDOWS\system32\cfgmgr32.dll
0x0000000060c80000 - 0x0000000060c8f000 	C:\Program Files\Java\jdk1.8.0_71\jre\bin\verify.dll
0x0000000060c50000 - 0x0000000060c79000 	C:\Program Files\Java\jdk1.8.0_71\jre\bin\java.dll
0x0000000060c30000 - 0x0000000060c46000 	C:\Program Files\Java\jdk1.8.0_71\jre\bin\zip.dll

VM Arguments:
jvm_args: -Djava.awt.headless=true -Xmx1024M -Dfile.encoding=windows-1252 -Duser.country=US -Duser.language=en -Duser.variant 
java_command: com.android.dx.command.Main --dex --num-threads=4 --output F:\Coding\Android\MusicAppDemo\app\build\intermediates\pre-dexed\debug\com.android.support-support-v4-23.3.0_5be3e5ec38f2d4e93ff0d3175f99d65b02065524.jar F:\Coding\Android\MusicAppDemo\app\build\intermediates\exploded-aar\com.android.support\support-v4\23.3.0\jars\classes.jar
java_class_path (initial): C:\Android\sdk\build-tools\23.0.2\lib\dx.jar
Launcher Type: SUN_STANDARD

Environment Variables:
PATH=C:\ProgramData\Oracle\Java\javapath;C:\WINDOWS\system32;C:\WINDOWS;C:\WINDOWS\System32\Wbem;C:\WINDOWS\System32\WindowsPowerShell\v1.0\;C:\Program Files (x86)\Windows Kits\8.1\Windows Performance Toolkit\;C:\WINDOWS\system32\config\systemprofile\.dnx\bin;C:\Program Files\Microsoft DNX\Dnvm\;C:\Program Files\Microsoft SQL Server\120\Tools\Binn\;C:\Program Files\Microsoft SQL Server\110\Tools\Binn\;C:\Program Files (x86)\ATI Technologies\ATI.ACE\Core-Static;C:\Program Files (x86)\AMD\ATI.ACE\Core-Static;F:\MATLAB7\bin\win32;C:\Program Files\Git\cmd
USERNAME=Windows 10 TIMT
OS=Windows_NT
PROCESSOR_IDENTIFIER=Intel64 Family 6 Model 69 Stepping 1, GenuineIntel



---------------  S Y S T E M  ---------------

OS: Windows 10.0 , 64 bit Build 10586 (10.0.10586.0)

CPU:total 4 (2 cores per cpu, 2 threads per core) family 6 model 69 stepping 1, cmov, cx8, fxsr, mmx, sse, sse2, sse3, ssse3, sse4.1, sse4.2, popcnt, avx, avx2, aes, clmul, erms, lzcnt, ht, tsc, tscinvbit, bmi1, bmi2

Memory: 4k page, physical 8274284k(1002172k free), swap 8274284k(176108k free)

vm_info: Java HotSpot(TM) 64-Bit Server VM (25.71-b15) for windows-amd64 JRE (1.8.0_71-b15), built on Dec 22 2015 18:15:55 by "java_re" with MS VC++ 10.0 (VS2010)

time: Sat Apr 16 23:45:18 2016
elapsed time: 0 seconds (0d 0h 0m 0s)

